============================= test session starts ==============================
platform darwin -- Python 3.11.3, pytest-7.2.2, pluggy-1.0.0
rootdir: /Users/timurahtyamov/Documents/Project/Scriptsv0.7
collected 7 items

test_KURO.py 
✅ Авторизация:  1.37 с
✅ Выбор ЛПУ:  3.01 с
 ▶️ Модуль - "Авторизация", выполнен за:  4.38 с
F

=================================== FAILURES ===================================
___________________________ Test_KURO.test_KURO_full ___________________________

self = <test_KURO.Test_KURO object at 0x103e21690>
browser_KURO = <selenium.webdriver.chrome.webdriver.WebDriver (session="ba491b31358a9973fea8aa10071e5953")>

    def test_KURO_full(self, browser_KURO):
        start = time.time()  # начало отсчета
        start_page = login(browser_KURO)  # тест модуля авторизации
        start_page.auth()
        start_doctors_diary = time.time()
>       doctors_diary_test = doctors_diary(browser_KURO)  # тест модуля "Дневник врача"
E       NameError: name 'doctors_diary' is not defined

test_KURO.py:19: NameError
=========================== short test summary info ============================
FAILED test_KURO.py::Test_KURO::test_KURO_full - NameError: name 'doctors_dia...
!!!!!!!!!!!!!!!!!!!!!!!!!!!!!! KeyboardInterrupt !!!!!!!!!!!!!!!!!!!!!!!!!!!!!!!
/Library/Frameworks/Python.framework/Versions/3.11/lib/python3.11/socket.py:706: KeyboardInterrupt
(to show a full traceback on KeyboardInterrupt use --full-trace)
============================== 1 failed in 15.72s ==============================
